<?xml version="1.0" encoding="UTF-8"?>
<testsuite xmlns:xsi="http://www.w3.org/2001/XMLSchema-instance" xsi:noNamespaceSchemaLocation="https://maven.apache.org/surefire/maven-surefire-plugin/xsd/surefire-test-report.xsd" name="com.igeek.services.EmpServicesTest" time="0.088" tests="5" errors="0" skipped="0" failures="0">
  <properties>
[...]
</properties>
  <testcase name="testUpdateEmp" classname="com.igeek.services.EmpServicesTest" time="0.01"/>
  <testcase name="testQueryAll" classname="com.igeek.services.EmpServicesTest" time="0.01"/>
  <testcase name="testInsertEmp" classname="com.igeek.services.EmpServicesTest" time="0.011"/>
  <testcase name="testDeleteEmp" classname="com.igeek.services.EmpServicesTest" time="0.009"/>
  <testcase name="testQueryEmpByNo" classname="com.igeek.services.EmpServicesTest" time="0.012"/>
</testsuite>